

CsComm        Session               Jun-12-2012  13:44:33.482  [2584]  ReconnectThread (2584) Starting
CsComm        Session               Jun-12-2012  13:44:33.482  [2584]  ReconnectThread (2584) Told to exit


CsComm        Session               Jun-12-2012  14:21:45.958  [4712]  ReconnectThread (4712) Starting
CsComm        Session               Jun-12-2012  14:21:45.959  [4712]  ReconnectThread (4712) Told to exit


CsComm        Session               Jun-12-2012  14:22:34.178  [6232]  ReconnectThread (6232) Starting
CsComm        Session               Jun-12-2012  14:22:34.179  [6232]  ReconnectThread (6232) Told to exit


CsComm        Session               Jun-12-2012  14:22:50.046  [3032]  ReconnectThread (3032) Starting
CsComm        Session               Jun-12-2012  14:22:53.190  [3032]  ReconnectThread (3032) Told to exit


CsComm        Session               Jun-12-2012  14:23:35.196  [2648]  ReconnectThread (2648) Starting
CsComm        Session               Jun-12-2012  14:23:38.081  [2648]  ReconnectThread (2648) Told to exit


CsComm        Session               Jun-12-2012  14:25:16.724  [6276]  ReconnectThread (6276) Starting
CsComm        Session               Jun-12-2012  14:25:44.461  [6276]  ReconnectThread (6276) Told to exit


CsComm        Session               Jun-12-2012  14:25:51.181  [6048]  ReconnectThread (6048) Starting
CsComm        Session               Jun-12-2012  14:25:54.472  [6048]  ReconnectThread (6048) Told to exit


CsComm        Session               Jun-12-2012  14:26:10.819  [2772]  ReconnectThread (2772) Starting
CsComm        Session               Jun-12-2012  14:26:13.755  [2772]  ReconnectThread (2772) Told to exit


CsComm        Session               Jun-12-2012  14:26:47.021  [6396]  ReconnectThread (6396) Starting
CsComm        Session               Jun-12-2012  14:28:33.627  [6396]  ReconnectThread (6396) Told to exit


CsComm        Session               Jun-12-2012  14:28:51.544  [5144]  ReconnectThread (5144) Starting
CsComm        Session               Jun-12-2012  14:29:02.181  [5144]  ReconnectThread (5144) Told to exit


CsComm        Session               Jun-12-2012  14:34:23.305  [5516]  ReconnectThread (5516) Starting
CsComm        Session               Jun-12-2012  14:34:28.985  [5516]  ReconnectThread (5516) Told to exit


CsComm        Session               Jun-12-2012  14:38:39.731  [4292]  ReconnectThread (4292) Starting
CsComm        Session               Jun-12-2012  14:38:45.565  [4292]  ReconnectThread (4292) Told to exit


CsComm        Session               Jun-12-2012  14:39:14.428  [4952]  ReconnectThread (4952) Starting
CsComm        Session               Jun-12-2012  14:39:20.073  [4952]  ReconnectThread (4952) Told to exit


CsComm        Session               Jun-12-2012  14:40:28.046  [3456]  ReconnectThread (3456) Starting
CsComm        Session               Jun-12-2012  14:40:33.482  [3456]  ReconnectThread (3456) Told to exit


CsComm        Session               Jun-12-2012  14:42:35.125  [1872]  ReconnectThread (1872) Starting
CsComm        Session               Jun-12-2012  14:43:12.432  [1872]  ReconnectThread (1872) Told to exit


CsComm        Session               Jun-12-2012  14:43:31.746  [6872]  ReconnectThread (6872) Starting
CsComm        Session               Jun-12-2012  14:46:56.270  [6872]  ReconnectThread (6872) Told to exit


CsComm        Session               Jun-12-2012  16:24:12.608  [7116]  ReconnectThread (7116) Starting
CsComm        Session               Jun-12-2012  16:24:47.880  [7116]  ReconnectThread (7116) Told to exit


CsComm        Session               Jun-20-2012  02:48:49.878  [6804]  ReconnectThread (6804) Starting
CsComm        Session               Jun-20-2012  02:52:48.312  [6804]  ReconnectThread (6804) Told to exit


CsComm        Session               Jun-20-2012  03:04:27.191  [8332]  ReconnectThread (8332) Starting
CsComm        Session               Jun-20-2012  03:04:27.191  [8332]  ReconnectThread (8332) Told to exit


CsComm        Session               Jun-20-2012  03:04:47.089  [8452]  ReconnectThread (8452) Starting
CsComm        Session               Jun-20-2012  03:04:47.090  [8452]  ReconnectThread (8452) Told to exit


CsComm        Session               Jun-20-2012  03:06:50.049  [9284]  ReconnectThread (9284) Starting
CsComm        Session               Jun-20-2012  03:07:24.228  [9284]  ReconnectThread (9284) Told to exit


CsComm        Session               Jun-20-2012  03:35:37.137  [5100]  ReconnectThread (5100) Starting
CsComm        Session               Jun-20-2012  03:36:04.853  [5100]  ReconnectThread (5100) Told to exit


CsComm        Session               Jun-20-2012  04:18:33.654  [9052]  ReconnectThread (9052) Starting
CsComm        Session               Jun-20-2012  04:18:54.427  [9052]  ReconnectThread (9052) Told to exit


CsComm        Session               Jun-20-2012  17:29:19.100  [10120]  ReconnectThread (10120) Starting
CsComm        Session               Jun-20-2012  17:29:41.101  [10120]  ReconnectThread (10120) Told to exit


CsComm        Session               Jun-20-2012  23:06:09.789  [8532]  ReconnectThread (8532) Starting
CsComm        Session               Jun-20-2012  23:06:35.558  [8532]  ReconnectThread (8532) Told to exit


CsComm        Session               Jun-20-2012  23:15:42.816  [8532]  ReconnectThread (8532) Starting
CsComm        Session               Jun-20-2012  23:16:07.150  [8532]  ReconnectThread (8532) Told to exit


CsComm        Session               Jun-20-2012  23:22:36.579  [5736]  ReconnectThread (5736) Starting
CsComm        Session               Jun-20-2012  23:23:05.128  [5736]  ReconnectThread (5736) Told to exit


CsComm        Session               Jun-20-2012  23:53:44.193  [7936]  ReconnectThread (7936) Starting
CsComm        Session               Jun-20-2012  23:54:07.043  [7936]  ReconnectThread (7936) Told to exit


CsComm        Session               Jun-21-2012  01:03:28.567  [7352]  ReconnectThread (7352) Starting
CsComm        Session               Jun-21-2012  01:03:53.881  [7352]  ReconnectThread (7352) Told to exit


CsComm        Session               Jun-21-2012  18:10:49.202  [1084]  ReconnectThread (1084) Starting
CsComm        Session               Jun-21-2012  18:11:22.101  [1084]  ReconnectThread (1084) Told to exit


CsComm        Session               Jun-27-2012  22:54:46.742  [3988]  ReconnectThread (3988) Starting
CsComm        Session               Jun-27-2012  22:55:21.318  [3988]  ReconnectThread (3988) Told to exit


CsComm        Session               Jun-27-2012  23:19:34.331  [3192]  ReconnectThread (3192) Starting
CsComm        Session               Jun-27-2012  23:19:34.331  [3192]  ReconnectThread (3192) Told to exit


CsComm        Session               Jun-27-2012  23:22:12.004  [7324]  ReconnectThread (7324) Starting
CsComm        Session               Jun-27-2012  23:22:43.582  [7324]  ReconnectThread (7324) Told to exit


CsComm        Session               Aug-06-2012  03:11:09.128  [14304]  ReconnectThread (14304) Starting
CsComm        Session               Aug-06-2012  03:11:11.922  [14304]  ReconnectThread (14304) Told to exit


CsComm        Session               Aug-06-2012  03:11:22.169  [12120]  ReconnectThread (12120) Starting
CsComm        Session               Aug-06-2012  03:11:24.557  [12120]  ReconnectThread (12120) Told to exit


CsComm        Session               Aug-06-2012  03:31:05.707  [11124]  ReconnectThread (11124) Starting
CsComm        Session               Aug-06-2012  03:31:08.480  [11124]  ReconnectThread (11124) Told to exit


CsComm        Session               Aug-06-2012  03:32:10.762  [6336]  ReconnectThread (6336) Starting
CsComm        Session               Aug-06-2012  03:32:13.093  [6336]  ReconnectThread (6336) Told to exit


CsComm        Session               Aug-06-2012  03:33:12.150  [11624]  ReconnectThread (11624) Starting
CsComm        Session               Aug-06-2012  03:33:14.395  [11624]  ReconnectThread (11624) Told to exit


CsComm        Session               Aug-06-2012  03:38:14.848  [2608]  ReconnectThread (2608) Starting


CsComm        Session               Aug-06-2012  03:39:50.966  [13648]  ReconnectThread (13648) Starting
CsComm        Session               Aug-06-2012  03:40:39.982  [13648]  ReconnectThread (13648) Told to exit


CsComm        Session               Aug-15-2012  20:36:49.147  [13632]  ReconnectThread (13632) Starting
CsComm        Session               Aug-15-2012  20:36:49.168  [13632]  ReconnectThread (13632) Told to exit


CsComm        Session               Aug-15-2012  20:37:01.051  [14616]  ReconnectThread (14616) Starting
CsComm        Session               Aug-15-2012  20:41:04.774  [14616]  ReconnectThread (14616) Told to exit


CsComm        Session               Aug-15-2012  20:47:11.697  [13332]  ReconnectThread (13332) Starting
CsComm        Session               Aug-15-2012  20:47:38.244  [13332]  ReconnectThread (13332) Told to exit


CsComm        Session               Aug-18-2012  15:02:20.744  [6544]  ReconnectThread (6544) Starting
CsComm        Session               Aug-18-2012  15:02:47.189  [6544]  ReconnectThread (6544) Told to exit


CsComm        Session               Aug-25-2012  14:16:03.189  [1572]  ReconnectThread (1572) Starting
CsComm        Session               Aug-25-2012  14:16:27.333  [1572]  ReconnectThread (1572) Told to exit


CsComm        Session               Sep-30-2012  21:34:38.997  [6364]  ReconnectThread (6364) Starting
CsComm        Session               Sep-30-2012  21:37:17.583  [6364]  ReconnectThread (6364) Told to exit


CsComm        Session               Sep-30-2012  23:22:05.522  [3060]  ReconnectThread (3060) Starting
CsComm        Session               Sep-30-2012  23:22:45.186  [3060]  ReconnectThread (3060) Told to exit


CsComm        Session               Oct-01-2012  00:00:55.333  [7004]  ReconnectThread (7004) Starting
CsComm        Session               Oct-01-2012  00:01:19.416  [7004]  ReconnectThread (7004) Told to exit


CsComm        Session               Oct-01-2012  00:06:47.069  [3472]  ReconnectThread (3472) Starting
CsComm        Session               Oct-01-2012  00:07:25.859  [3472]  ReconnectThread (3472) Told to exit


CsComm        Session               Oct-01-2012  00:44:24.186  [9628]  ReconnectThread (9628) Starting
CsComm        Session               Oct-01-2012  00:44:53.122  [9628]  ReconnectThread (9628) Told to exit


CsComm        Session               Jan-28-2013  20:47:29.145  [9888]  ReconnectThread (9888) Starting
CsComm        Session               Jan-28-2013  20:59:51.136  [9888]  ReconnectThread (9888) Told to exit


CsComm        Session               Jan-28-2013  21:39:17.092  [7544]  ReconnectThread (7544) Starting
CsComm        Session               Jan-28-2013  21:46:17.591  [7544]  ReconnectThread (7544) Told to exit


CsComm        Session               Jan-29-2013  13:18:34.995  [652]  ReconnectThread (652) Starting
CsComm        Session               Jan-29-2013  13:19:22.585  [652]  ReconnectThread (652) Told to exit


CsComm        Session               Jan-31-2013  21:49:23.297  [9392]  ReconnectThread (9392) Starting
CsComm        Session               Jan-31-2013  21:50:05.572  [9392]  ReconnectThread (9392) Told to exit


CsComm        Session               May-08-2013  15:36:35.270  [11064]  ReconnectThread (11064) Starting
CsComm        Session               May-08-2013  15:49:59.482  [11064]  ReconnectThread (11064) Told to exit


CsComm        Session               May-09-2013  14:52:28.815  [12748]  ReconnectThread (12748) Starting
CsComm        Session               May-09-2013  14:52:43.191  [4464]  CreateSession(pwneestudios,7,432)=0 attempt 1
CsComm        ConnectionPool        May-09-2013  14:52:43.452  [4464]  Attempting new connection 0,4.28.130.42:27030 for 0:1:50205352
CsComm        Connection            May-09-2013  14:52:43.452  [4464]  {Cnx=0,0,4.28.130.42:27030} : Attempting new connection
CsComm        Connection            May-09-2013  14:52:43.574  [4464]  {Cnx=0,0,4.28.130.42:27030} : connected
CsComm        Connection            May-09-2013  14:52:43.575  [7932]  Recv Worker (7932) Starting
CsComm        Connection            May-09-2013  14:52:43.576  [4464]  {Cnx=0,1,4.28.130.42:27030} : Adding session 0
CsComm        Connection            May-09-2013  14:52:43.710  [4464]  {Cnx=0,1,4.28.130.42:27030} : Binding client session handle 0 to server session handle 0
CsComm        Session               May-09-2013  14:52:43.710  [4464]  CreateSession(pwneestudios,7,432)=0 attempt 1 succeeded, CS #447
Cache         Status                May-09-2013  14:52:43.710  [4464]  Creating new cache(7) file
Cache         Status                May-09-2013  14:52:43.710  [4464]  Downloading manifest for App 7
Cache         Status                May-09-2013  14:52:43.811  [4464]  Downloading checksum table for App 7
Cache         Status                May-09-2013  14:52:43.902  [4464]  Serializing(7)
CsComm        Session               May-09-2013  14:52:43.908  [4464]  CreateSession(pwneestudios,202,25)=1 attempt 1
CsComm        ConnectionPool        May-09-2013  14:52:44.162  [4464]  Found existing connection 0,4.28.130.42:27030 for 0:1:50205352
CsComm        Connection            May-09-2013  14:52:44.164  [4464]  {Cnx=0,1,4.28.130.42:27030} : Adding session 1
CsComm        Connection            May-09-2013  14:52:44.299  [4464]  {Cnx=0,1,4.28.130.42:27030} : Binding client session handle 1 to server session handle 1
CsComm        Session               May-09-2013  14:52:44.463  [4464]  CreateSession(pwneestudios,202,25)=1 attempt 1 succeeded, CS #447
Cache         Status                May-09-2013  14:52:44.463  [4464]  Creating new cache(202) file
Cache         Status                May-09-2013  14:52:44.463  [4464]  Downloading manifest for App 202
Cache         Status                May-09-2013  14:52:44.477  [4464]  Downloading checksum table for App 202
Cache         Status                May-09-2013  14:52:44.487  [4464]  Serializing(202)
CsComm        Session               May-09-2013  14:52:44.599  [10076]  CreateSession(pwneestudios,7,432)=2 attempt 1
CsComm        ConnectionPool        May-09-2013  14:52:44.599  [10076]  Attempting new connection 1,209.197.30.34:27030 for 0:1:50205352
CsComm        Connection            May-09-2013  14:52:44.599  [10076]  {Cnx=1,0,209.197.30.34:27030} : Attempting new connection
CsComm        Connection            May-09-2013  14:52:44.718  [10076]  {Cnx=1,0,209.197.30.34:27030} : connected
CsComm        Connection            May-09-2013  14:52:44.718  [10076]  {Cnx=1,1,209.197.30.34:27030} : Adding session 2
CsComm        Connection            May-09-2013  14:52:44.719  [9852]  Recv Worker (9852) Starting
CsComm        Connection            May-09-2013  14:52:44.858  [10076]  {Cnx=1,1,209.197.30.34:27030} : Binding client session handle 2 to server session handle 0
CsComm        Session               May-09-2013  14:52:44.858  [10076]  CreateSession(pwneestudios,7,432)=2 attempt 1 succeeded, CS #490
CsComm        Session               May-09-2013  14:52:52.918  [12860]  CreateSession(pwneestudios,202,25)=3 attempt 1
CsComm        ConnectionPool        May-09-2013  14:52:52.918  [12860]  Found existing connection 1,209.197.30.34:27030 for 0:1:50205352
CsComm        Connection            May-09-2013  14:52:52.918  [12860]  {Cnx=1,1,209.197.30.34:27030} : Adding session 3
CsComm        Connection            May-09-2013  14:52:53.178  [12860]  {Cnx=1,1,209.197.30.34:27030} : Binding client session handle 3 to server session handle 1
CsComm        Session               May-09-2013  14:52:53.178  [12860]  CreateSession(pwneestudios,202,25)=3 attempt 1 succeeded, CS #490
Cache         Status                May-09-2013  14:53:01.992  [11000]  Cache(7) is shutting down
CsComm        Session               May-09-2013  14:53:01.996  [11000]  DestroySession(0)
CsComm        Connection            May-09-2013  14:53:02.004  [11000]  {Cnx=0,1,4.28.130.42:27030} : Unbinding client session handle 0 to server session handle 0
CsComm        Connection            May-09-2013  14:53:02.004  [11000]  {Cnx=0,1,4.28.130.42:27030} : Removing session 0
CsComm        ConnectionPool        May-09-2013  14:53:02.004  [11000]  Disconnect(0)
CsComm        Session               May-09-2013  14:53:02.004  [11000]  DestroySession(2)
CsComm        Connection            May-09-2013  14:53:02.014  [11000]  {Cnx=1,1,209.197.30.34:27030} : Unbinding client session handle 2 to server session handle 0
CsComm        Connection            May-09-2013  14:53:02.014  [11000]  {Cnx=1,1,209.197.30.34:27030} : Removing session 2
CsComm        ConnectionPool        May-09-2013  14:53:02.014  [11000]  Disconnect(1)
Cache         Status                May-09-2013  14:53:02.014  [11000]  Serializing(7)
Cache         Status                May-09-2013  14:53:02.015  [11000]  Cache(202) is shutting down
CsComm        Session               May-09-2013  14:53:02.018  [11000]  DestroySession(1)
CsComm        Connection            May-09-2013  14:53:02.028  [11000]  {Cnx=0,1,4.28.130.42:27030} : Unbinding client session handle 1 to server session handle 1
CsComm        Connection            May-09-2013  14:53:02.028  [11000]  {Cnx=0,1,4.28.130.42:27030} : Removing session 1
CsComm        ConnectionPool        May-09-2013  14:53:02.028  [11000]  Disconnect(0)
CsComm        Connection            May-09-2013  14:53:02.028  [7932]  Recv Worker (7932) Told to exit
CsComm        Connection            May-09-2013  14:53:02.127  [11000]  {Cnx=0,4,4.28.130.42:27030} : disconnected
CsComm        Session               May-09-2013  14:53:02.132  [11000]  DestroySession(3)
CsComm        Connection            May-09-2013  14:53:02.140  [11000]  {Cnx=1,1,209.197.30.34:27030} : Unbinding client session handle 3 to server session handle 1
CsComm        Connection            May-09-2013  14:53:02.140  [11000]  {Cnx=1,1,209.197.30.34:27030} : Removing session 3
CsComm        ConnectionPool        May-09-2013  14:53:02.140  [11000]  Disconnect(1)
CsComm        Connection            May-09-2013  14:53:02.140  [9852]  Recv Worker (9852) Told to exit
CsComm        Connection            May-09-2013  14:53:02.239  [11000]  {Cnx=1,4,209.197.30.34:27030} : disconnected
Cache         Status                May-09-2013  14:53:02.241  [11000]  Serializing(202)
CsComm        Session               May-09-2013  14:53:02.241  [12748]  ReconnectThread (12748) Told to exit


CsComm        Session               May-10-2013  17:24:58.822  [10852]  ReconnectThread (10852) Starting
CsComm        Session               May-10-2013  17:25:31.987  [10852]  ReconnectThread (10852) Told to exit


CsComm        Session               May-11-2013  20:59:03.785  [10928]  ReconnectThread (10928) Starting
CsComm        Session               May-11-2013  20:59:38.614  [10928]  ReconnectThread (10928) Told to exit


CsComm        Session               May-11-2013  21:01:33.835  [11172]  ReconnectThread (11172) Starting
CsComm        Session               May-11-2013  21:01:56.462  [11172]  ReconnectThread (11172) Told to exit


CsComm        Session               May-15-2013  17:16:59.062  [8136]  ReconnectThread (8136) Starting
CsComm        Session               May-15-2013  17:17:28.355  [8136]  ReconnectThread (8136) Told to exit


CsComm        Session               May-15-2013  17:44:58.479  [2988]  ReconnectThread (2988) Starting
CsComm        Session               May-15-2013  17:45:44.913  [2988]  ReconnectThread (2988) Told to exit


CsComm        Session               May-15-2013  17:58:30.577  [8272]  ReconnectThread (8272) Starting
CsComm        Session               May-15-2013  17:58:56.704  [8272]  ReconnectThread (8272) Told to exit


CsComm        Session               May-15-2013  18:37:44.917  [10268]  ReconnectThread (10268) Starting
CsComm        Session               May-15-2013  18:38:07.784  [10268]  ReconnectThread (10268) Told to exit


CsComm        Session               May-15-2013  18:51:04.832  [5144]  ReconnectThread (5144) Starting
CsComm        Session               May-15-2013  18:51:26.741  [5144]  ReconnectThread (5144) Told to exit


CsComm        Session               May-15-2013  20:27:01.700  [4364]  ReconnectThread (4364) Starting
CsComm        Session               May-15-2013  20:27:22.197  [4364]  ReconnectThread (4364) Told to exit


CsComm        Session               May-15-2013  21:48:16.531  [10864]  ReconnectThread (10864) Starting
CsComm        Session               May-15-2013  21:48:40.383  [10864]  ReconnectThread (10864) Told to exit


CsComm        Session               May-15-2013  22:37:13.902  [3412]  ReconnectThread (3412) Starting
CsComm        Session               May-15-2013  22:37:35.491  [3412]  ReconnectThread (3412) Told to exit


CsComm        Session               May-15-2013  23:00:36.956  [9764]  ReconnectThread (9764) Starting
CsComm        Session               May-15-2013  23:00:58.752  [9764]  ReconnectThread (9764) Told to exit


CsComm        Session               May-17-2013  16:03:04.099  [8764]  ReconnectThread (8764) Starting
CsComm        Session               May-17-2013  16:03:29.396  [8764]  ReconnectThread (8764) Told to exit


CsComm        Session               May-20-2013  13:39:43.698  [4132]  ReconnectThread (4132) Starting
CsComm        Session               May-20-2013  13:40:09.788  [4132]  ReconnectThread (4132) Told to exit


CsComm        Session               May-21-2013  21:45:16.295  [6908]  ReconnectThread (6908) Starting
CsComm        Session               May-21-2013  21:45:44.741  [6908]  ReconnectThread (6908) Told to exit


CsComm        Session               May-22-2013  23:44:10.985  [11992]  ReconnectThread (11992) Starting
CsComm        Session               May-22-2013  23:44:39.438  [11992]  ReconnectThread (11992) Told to exit


CsComm        Session               May-22-2013  23:45:38.449  [2076]  ReconnectThread (2076) Starting
CsComm        Session               May-22-2013  23:46:01.408  [2076]  ReconnectThread (2076) Told to exit


CsComm        Session               May-27-2013  17:28:06.464  [3488]  ReconnectThread (3488) Starting
CsComm        Session               May-27-2013  17:28:31.252  [3488]  ReconnectThread (3488) Told to exit


CsComm        Session               May-27-2013  17:44:22.443  [12740]  ReconnectThread (12740) Starting
CsComm        Session               May-27-2013  17:44:43.041  [12740]  ReconnectThread (12740) Told to exit


CsComm        Session               May-27-2013  18:02:01.437  [13348]  ReconnectThread (13348) Starting
CsComm        Session               May-27-2013  18:02:24.118  [13348]  ReconnectThread (13348) Told to exit


CsComm        Session               May-28-2013  22:46:21.637  [13540]  ReconnectThread (13540) Starting
CsComm        Session               May-28-2013  22:46:48.235  [13540]  ReconnectThread (13540) Told to exit


CsComm        Session               Jul-06-2013  21:59:58.853  [10852]  ReconnectThread (10852) Starting
CsComm        Session               Jul-06-2013  22:02:28.679  [10852]  ReconnectThread (10852) Told to exit


CsComm        Session               Jul-06-2013  22:20:56.634  [6412]  ReconnectThread (6412) Starting
CsComm        Session               Jul-06-2013  22:21:19.694  [6412]  ReconnectThread (6412) Told to exit


CsComm        Session               Jul-06-2013  22:29:26.257  [3916]  ReconnectThread (3916) Starting
CsComm        Session               Jul-06-2013  22:29:47.280  [3916]  ReconnectThread (3916) Told to exit


CsComm        Session               Jul-07-2013  19:15:02.347  [12220]  ReconnectThread (12220) Starting
CsComm        Session               Jul-07-2013  19:15:24.090  [12220]  ReconnectThread (12220) Told to exit


CsComm        Session               Jul-07-2013  19:20:18.829  [7836]  ReconnectThread (7836) Starting
CsComm        Session               Jul-07-2013  19:21:12.490  [7836]  ReconnectThread (7836) Told to exit


CsComm        Session               Jul-07-2013  19:23:50.837  [11812]  ReconnectThread (11812) Starting
CsComm        Session               Jul-07-2013  19:24:09.575  [11812]  ReconnectThread (11812) Told to exit


CsComm        Session               Jul-07-2013  20:23:48.052  [8476]  ReconnectThread (8476) Starting
CsComm        Session               Jul-07-2013  20:24:08.999  [8476]  ReconnectThread (8476) Told to exit


CsComm        Session               Jul-08-2013  14:15:19.102  [7268]  ReconnectThread (7268) Starting
CsComm        Session               Jul-08-2013  14:15:41.710  [7268]  ReconnectThread (7268) Told to exit


CsComm        Session               Jul-16-2013  00:24:52.392  [8320]  ReconnectThread (8320) Starting
CsComm        Session               Jul-16-2013  00:25:19.672  [8320]  ReconnectThread (8320) Told to exit


CsComm        Session               Jul-16-2013  14:33:10.133  [8024]  ReconnectThread (8024) Starting
CsComm        Session               Jul-16-2013  14:33:12.553  [8024]  ReconnectThread (8024) Told to exit


CsComm        Session               Jul-16-2013  14:43:00.845  [6640]  ReconnectThread (6640) Starting
CsComm        Session               Jul-16-2013  14:43:03.299  [6640]  ReconnectThread (6640) Told to exit


CsComm        Session               Jul-16-2013  14:43:27.838  [5036]  ReconnectThread (5036) Starting
CsComm        Session               Jul-16-2013  14:43:30.351  [5036]  ReconnectThread (5036) Told to exit


CsComm        Session               Jul-16-2013  14:46:17.459  [7336]  ReconnectThread (7336) Starting
CsComm        Session               Jul-16-2013  14:46:20.598  [7336]  ReconnectThread (7336) Told to exit


CsComm        Session               Jul-16-2013  14:54:43.006  [9352]  ReconnectThread (9352) Starting
CsComm        Session               Jul-16-2013  15:15:26.034  [9352]  ReconnectThread (9352) Told to exit


CsComm        Session               Jul-16-2013  15:42:14.946  [7580]  ReconnectThread (7580) Starting
CsComm        Session               Jul-16-2013  16:03:07.414  [7580]  ReconnectThread (7580) Told to exit


CsComm        Session               Jul-16-2013  19:06:06.295  [10560]  ReconnectThread (10560) Starting
CsComm        Session               Jul-16-2013  19:06:28.678  [10560]  ReconnectThread (10560) Told to exit


CsComm        Session               Jul-17-2013  12:09:08.444  [11548]  ReconnectThread (11548) Starting
CsComm        Session               Jul-17-2013  12:11:14.313  [11548]  ReconnectThread (11548) Told to exit


CsComm        Session               Jul-22-2013  13:57:02.628  [2864]  ReconnectThread (2864) Starting
CsComm        Session               Jul-22-2013  13:57:53.608  [2864]  ReconnectThread (2864) Told to exit


CsComm        Session               Jul-23-2013  12:44:19.050  [12392]  ReconnectThread (12392) Starting
CsComm        Session               Jul-23-2013  12:45:04.894  [12392]  ReconnectThread (12392) Told to exit


CsComm        Session               Jul-23-2013  13:06:47.650  [8332]  ReconnectThread (8332) Starting
CsComm        Session               Jul-23-2013  13:07:32.089  [8332]  ReconnectThread (8332) Told to exit


CsComm        Session               Jul-24-2013  17:07:24.997  [6872]  ReconnectThread (6872) Starting
CsComm        Session               Jul-24-2013  17:08:32.239  [6872]  ReconnectThread (6872) Told to exit


CsComm        Session               Jul-25-2013  09:07:12.443  [3012]  ReconnectThread (3012) Starting
CsComm        Session               Jul-25-2013  09:07:34.532  [3012]  ReconnectThread (3012) Told to exit


CsComm        Session               Jul-25-2013  09:20:31.553  [6872]  ReconnectThread (6872) Starting
CsComm        Session               Jul-25-2013  09:20:53.464  [6872]  ReconnectThread (6872) Told to exit


CsComm        Session               Jul-25-2013  09:30:13.064  [10704]  ReconnectThread (10704) Starting
CsComm        Session               Jul-25-2013  09:30:33.442  [10704]  ReconnectThread (10704) Told to exit


CsComm        Session               Jul-25-2013  09:39:23.489  [9028]  ReconnectThread (9028) Starting
CsComm        Session               Jul-25-2013  09:39:45.644  [9028]  ReconnectThread (9028) Told to exit


CsComm        Session               Jul-25-2013  10:13:09.150  [9012]  ReconnectThread (9012) Starting
CsComm        Session               Jul-25-2013  10:13:28.478  [9012]  ReconnectThread (9012) Told to exit


CsComm        Session               Jul-25-2013  10:30:01.643  [10500]  ReconnectThread (10500) Starting
CsComm        Session               Jul-25-2013  10:30:22.798  [10500]  ReconnectThread (10500) Told to exit


CsComm        Session               Jul-27-2013  19:13:28.614  [10180]  ReconnectThread (10180) Starting
CsComm        Session               Jul-27-2013  19:13:58.734  [10180]  ReconnectThread (10180) Told to exit


CsComm        Session               Jul-29-2013  08:09:59.641  [4968]  ReconnectThread (4968) Starting
CsComm        Session               Jul-29-2013  08:10:22.962  [4968]  ReconnectThread (4968) Told to exit


CsComm        Session               Jul-29-2013  16:38:41.243  [7636]  ReconnectThread (7636) Starting
CsComm        Session               Jul-29-2013  16:39:10.600  [7636]  ReconnectThread (7636) Told to exit


CsComm        Session               Jul-29-2013  16:39:51.640  [10328]  ReconnectThread (10328) Starting
CsComm        Session               Jul-29-2013  16:40:40.283  [10328]  ReconnectThread (10328) Told to exit


CsComm        Session               Aug-06-2013  23:54:01.408  [10432]  ReconnectThread (10432) Starting
CsComm        Session               Aug-06-2013  23:54:48.624  [10432]  ReconnectThread (10432) Told to exit


CsComm        Session               Aug-11-2013  20:42:30.967  [1212]  ReconnectThread (1212) Starting
CsComm        Session               Aug-11-2013  20:43:24.243  [1212]  ReconnectThread (1212) Told to exit


CsComm        Session               Aug-12-2013  17:39:48.720  [4844]  ReconnectThread (4844) Starting
CsComm        Session               Aug-12-2013  17:40:33.124  [4844]  ReconnectThread (4844) Told to exit


CsComm        Session               Aug-12-2013  18:23:47.776  [3032]  ReconnectThread (3032) Starting
CsComm        Session               Aug-12-2013  18:24:32.070  [3032]  ReconnectThread (3032) Told to exit


CsComm        Session               Aug-24-2013  19:43:46.596  [7360]  ReconnectThread (7360) Starting
CsComm        Session               Aug-24-2013  19:44:50.899  [7360]  ReconnectThread (7360) Told to exit


CsComm        Session               Sep-17-2013  15:59:33.243  [13624]  ReconnectThread (13624) Starting
CsComm        Session               Sep-17-2013  16:01:24.346  [13624]  ReconnectThread (13624) Told to exit


CsComm        Session               Sep-19-2013  15:54:25.200  [6800]  ReconnectThread (6800) Starting
CsComm        Session               Sep-19-2013  15:55:12.226  [6800]  ReconnectThread (6800) Told to exit


CsComm        Session               Feb-03-2014  18:03:24.306  [6108]  ReconnectThread (6108) Starting
CsComm        Session               Feb-03-2014  18:04:31.788  [6108]  ReconnectThread (6108) Told to exit
